Performing C SOURCE FILE Test CMAKE_HAVE_LIBC_PTHREAD failed with the following output:
Change Dir: /home/public/Project/autoware.ai/utilities/data_preprocessor/build/CMakeFiles/CMakeTmp

Run Build Command(s):/usr/bin/make cmTC_b76b7/fast && /usr/bin/make  -f CMakeFiles/cmTC_b76b7.dir/build.make CMakeFiles/cmTC_b76b7.dir/build
make[1]: Entering directory '/home/public/Project/autoware.ai/utilities/data_preprocessor/build/CMakeFiles/CMakeTmp'
Building C object CMakeFiles/cmTC_b76b7.dir/src.c.o
/usr/bin/cc   -DCMAKE_HAVE_LIBC_PTHREAD   -o CMakeFiles/cmTC_b76b7.dir/src.c.o   -c /home/public/Project/autoware.ai/utilities/data_preprocessor/build/CMakeFiles/CMakeTmp/src.c
Linking C executable cmTC_b76b7
/usr/local/bin/cmake -E cmake_link_script CMakeFiles/cmTC_b76b7.dir/link.txt --verbose=1
/usr/bin/cc  -DCMAKE_HAVE_LIBC_PTHREAD    -rdynamic CMakeFiles/cmTC_b76b7.dir/src.c.o  -o cmTC_b76b7 
CMakeFiles/cmTC_b76b7.dir/src.c.o: In function `main':
src.c:(.text+0x3c): undefined reference to `pthread_create'
src.c:(.text+0x48): undefined reference to `pthread_detach'
src.c:(.text+0x54): undefined reference to `pthread_cancel'
src.c:(.text+0x65): undefined reference to `pthread_join'
src.c:(.text+0x79): undefined reference to `pthread_atfork'
collect2: error: ld returned 1 exit status
CMakeFiles/cmTC_b76b7.dir/build.make:106: recipe for target 'cmTC_b76b7' failed
make[1]: *** [cmTC_b76b7] Error 1
make[1]: Leaving directory '/home/public/Project/autoware.ai/utilities/data_preprocessor/build/CMakeFiles/CMakeTmp'
Makefile:141: recipe for target 'cmTC_b76b7/fast' failed
make: *** [cmTC_b76b7/fast] Error 2


Source file was:
#include <pthread.h>

void* test_func(void* data)
{
  return data;
}

int main(void)
{
  pthread_t thread;
  pthread_create(&thread, NULL, test_func, NULL);
  pthread_detach(thread);
  pthread_cancel(thread);
  pthread_join(thread, NULL);
  pthread_atfork(NULL, NULL, NULL);
  pthread_exit(NULL);

  return 0;
}

Determining if the function pthread_create exists in the pthreads failed with the following output:
Change Dir: /home/public/Project/autoware.ai/utilities/data_preprocessor/build/CMakeFiles/CMakeTmp

Run Build Command(s):/usr/bin/make cmTC_47d99/fast && /usr/bin/make  -f CMakeFiles/cmTC_47d99.dir/build.make CMakeFiles/cmTC_47d99.dir/build
make[1]: Entering directory '/home/public/Project/autoware.ai/utilities/data_preprocessor/build/CMakeFiles/CMakeTmp'
Building C object CMakeFiles/cmTC_47d99.dir/CheckFunctionExists.c.o
/usr/bin/cc   -DCHECK_FUNCTION_EXISTS=pthread_create   -o CMakeFiles/cmTC_47d99.dir/CheckFunctionExists.c.o   -c /usr/local/share/cmake-3.17/Modules/CheckFunctionExists.c
Linking C executable cmTC_47d99
/usr/local/bin/cmake -E cmake_link_script CMakeFiles/cmTC_47d99.dir/link.txt --verbose=1
/usr/bin/cc  -DCHECK_FUNCTION_EXISTS=pthread_create    -rdynamic CMakeFiles/cmTC_47d99.dir/CheckFunctionExists.c.o  -o cmTC_47d99  -lpthreads 
/usr/bin/ld: cannot find -lpthreads
collect2: error: ld returned 1 exit status
CMakeFiles/cmTC_47d99.dir/build.make:106: recipe for target 'cmTC_47d99' failed
make[1]: *** [cmTC_47d99] Error 1
make[1]: Leaving directory '/home/public/Project/autoware.ai/utilities/data_preprocessor/build/CMakeFiles/CMakeTmp'
Makefile:141: recipe for target 'cmTC_47d99/fast' failed
make: *** [cmTC_47d99/fast] Error 2



