Performing C SOURCE FILE Test CMAKE_HAVE_LIBC_PTHREAD failed with the following output:
Change Dir: /home/public/Project/cplus_plus_code/002_apollo/005_protobuf/build/CMakeFiles/CMakeTmp

Run Build Command(s):/usr/bin/make cmTC_ea9f5/fast && /usr/bin/make  -f CMakeFiles/cmTC_ea9f5.dir/build.make CMakeFiles/cmTC_ea9f5.dir/build
make[1]: Entering directory '/home/public/Project/cplus_plus_code/002_apollo/005_protobuf/build/CMakeFiles/CMakeTmp'
Building C object CMakeFiles/cmTC_ea9f5.dir/src.c.o
/usr/bin/cc   -DCMAKE_HAVE_LIBC_PTHREAD   -o CMakeFiles/cmTC_ea9f5.dir/src.c.o   -c /home/public/Project/cplus_plus_code/002_apollo/005_protobuf/build/CMakeFiles/CMakeTmp/src.c
Linking C executable cmTC_ea9f5
/usr/local/bin/cmake -E cmake_link_script CMakeFiles/cmTC_ea9f5.dir/link.txt --verbose=1
/usr/bin/cc  -DCMAKE_HAVE_LIBC_PTHREAD    -rdynamic CMakeFiles/cmTC_ea9f5.dir/src.c.o  -o cmTC_ea9f5 
CMakeFiles/cmTC_ea9f5.dir/src.c.o: In function `main':
src.c:(.text+0x3c): undefined reference to `pthread_create'
src.c:(.text+0x48): undefined reference to `pthread_detach'
src.c:(.text+0x54): undefined reference to `pthread_cancel'
src.c:(.text+0x65): undefined reference to `pthread_join'
src.c:(.text+0x79): undefined reference to `pthread_atfork'
collect2: error: ld returned 1 exit status
CMakeFiles/cmTC_ea9f5.dir/build.make:106: recipe for target 'cmTC_ea9f5' failed
make[1]: *** [cmTC_ea9f5] Error 1
make[1]: Leaving directory '/home/public/Project/cplus_plus_code/002_apollo/005_protobuf/build/CMakeFiles/CMakeTmp'
Makefile:141: recipe for target 'cmTC_ea9f5/fast' failed
make: *** [cmTC_ea9f5/fast] Error 2


Source file was:
#include <pthread.h>

void* test_func(void* data)
{
  return data;
}

int main(void)
{
  pthread_t thread;
  pthread_create(&thread, NULL, test_func, NULL);
  pthread_detach(thread);
  pthread_cancel(thread);
  pthread_join(thread, NULL);
  pthread_atfork(NULL, NULL, NULL);
  pthread_exit(NULL);

  return 0;
}

Determining if the function pthread_create exists in the pthreads failed with the following output:
Change Dir: /home/public/Project/cplus_plus_code/002_apollo/005_protobuf/build/CMakeFiles/CMakeTmp

Run Build Command(s):/usr/bin/make cmTC_3ecca/fast && /usr/bin/make  -f CMakeFiles/cmTC_3ecca.dir/build.make CMakeFiles/cmTC_3ecca.dir/build
make[1]: Entering directory '/home/public/Project/cplus_plus_code/002_apollo/005_protobuf/build/CMakeFiles/CMakeTmp'
Building C object CMakeFiles/cmTC_3ecca.dir/CheckFunctionExists.c.o
/usr/bin/cc   -DCHECK_FUNCTION_EXISTS=pthread_create   -o CMakeFiles/cmTC_3ecca.dir/CheckFunctionExists.c.o   -c /usr/local/share/cmake-3.17/Modules/CheckFunctionExists.c
Linking C executable cmTC_3ecca
/usr/local/bin/cmake -E cmake_link_script CMakeFiles/cmTC_3ecca.dir/link.txt --verbose=1
/usr/bin/cc  -DCHECK_FUNCTION_EXISTS=pthread_create    -rdynamic CMakeFiles/cmTC_3ecca.dir/CheckFunctionExists.c.o  -o cmTC_3ecca  -lpthreads 
/usr/bin/ld: cannot find -lpthreads
collect2: error: ld returned 1 exit status
CMakeFiles/cmTC_3ecca.dir/build.make:106: recipe for target 'cmTC_3ecca' failed
make[1]: *** [cmTC_3ecca] Error 1
make[1]: Leaving directory '/home/public/Project/cplus_plus_code/002_apollo/005_protobuf/build/CMakeFiles/CMakeTmp'
Makefile:141: recipe for target 'cmTC_3ecca/fast' failed
make: *** [cmTC_3ecca/fast] Error 2



